<?xml version='1.0' encoding='UTF-8'?>
<!DOCTYPE beans PUBLIC '-//SPRING//DTD BEAN//EN' 'http://www.springframework.org/dtd/spring-beans.dtd'>

<beans>

   <import resource="classpath:alfresco/extension/dev-context.xml" />

   <!-- Overriding test properties to point to custom properties -->
   <bean id="test-properties"
      class="org.springframework.beans.factory.config.PropertyPlaceholderConfigurer"
      parent="repository-properties">
      <property name="ignoreUnresolvablePlaceholders" value="true" />
      <property name="properties">
         <props>
            <prop key="db.testurl">${db.url}_test</prop>
         </props>
      </property>
   </bean>

</beans>