<?xml version='1.0' encoding='UTF-8'?>
<!DOCTYPE beans PUBLIC '-//SPRING//DTD BEAN//EN' 'http://www.springframework.org/dtd/spring-beans.dtd'>

<beans>
    <!-- Test actions -->
     <bean id="testAction_proxy" class="org.alfresco.module.org_alfresco_module_dod5015.capability.RMActionProxyFactoryBean" parent="rmProxyAction" init-method="registerAction">
        <property name="target">
            <ref bean="testAction"/>
        </property>
    </bean>
    <bean id="testAction" class="org.alfresco.module.org_alfresco_module_dod5015.test.TestAction" parent="rmAction"/>
    <bean id="testAction2_proxy" class="org.alfresco.module.org_alfresco_module_dod5015.capability.RMActionProxyFactoryBean" parent="rmProxyAction" init-method="registerAction">
        <property name="target">
            <ref bean="testAction2"/>
        </property>
    </bean>
    <bean id="testAction2" class="org.alfresco.module.org_alfresco_module_dod5015.test.TestAction2" parent="rmAction"/>
    <bean id="testActionParams_proxy" class="org.alfresco.module.org_alfresco_module_dod5015.capability.RMActionProxyFactoryBean" parent="rmProxyAction" init-method="registerAction">
        <property name="target">
            <ref bean="testActionParams"/>
        </property>
    </bean>
    <bean id="testActionParams" class="org.alfresco.module.org_alfresco_module_dod5015.test.TestActionParams" parent="rmAction"/>    
</beans> 