<alfresco-config>
   <plug-ins>
      <element-readers>
         <element-reader element-name="default-controls" class="org.alfresco.web.config.DefaultControlsElementReader"/>
         <element-reader element-name="constraint-handlers" class="org.alfresco.web.config.ConstraintHandlersElementReader"/>
         <element-reader element-name="forms" class="org.alfresco.web.config.FormsElementReader"/>
      </element-readers>
   </plug-ins>

   <config>
      <default-controls>
         <type name="d:text" template="org/alfresco/forms/controls/textfield.ftl">
            <control-param name="size">50</control-param>
         </type>
         <type name="d:boolean" template="org/alfresco/forms/controls/checkbox.ftl" />
         <type name="association" template="org/alfresco/forms/controls/association-picker.ftl" />
         <type name="abc" template="org/alfresco/abc.ftl">
            <control-param name="a">1</control-param>
            <control-param name="b">Hello</control-param>
            <control-param name="c">For ever and ever.</control-param>
            <control-param name="d"></control-param>
         </type>
      </default-controls>
      <constraint-handlers>
         <constraint type="MANDATORY" validation-handler="Alfresco.forms.validation.mandatory" event="blur" />
         <constraint type="REGEX" validation-handler="Alfresco.forms.validation.regexMatch" />
         <constraint type="NUMERIC" validation-handler="Alfresco.forms.validation.numericMatch"
                     message="Test Message" message-id="regex_error" />
      </constraint-handlers>
   </config>
   
   <config evaluator="string-compare" condition="content">
      <forms>
	      <form submission-url="submission/url">
	         <view-form template="/view/template" />
	         <edit-form template="/edit/template" />
	         <create-form template="/create/template"/>
	         <field-visibility>
	            <show id="name" />
	            <show id="title" for-mode="view, create" />
	         </field-visibility>
	         <appearance>
	            <set id="details" appearance="fieldset" />
	            <set id="user" parent="details" appearance="panel" />
	
	            <field id="name" label="Name" label-id="field_label_name" read-only="true" set="details"
	                     help="This is the name of the node" help-id="field_help_name" >
	               <control template="alfresco/extension/formcontrols/my-name.ftl">
	                  <control-param name="foo">bar</control-param>
	               </control>
	               <constraint-handlers>
		               <constraint type="REGEX" message="The name can not contain the character '{0}'"
		                                                    message-id="field_error_name" />
		               <constraint type="apples" message="Pink Lady" message-id="" />
		               <constraint type="oranges" message="" message-id="Mandarin" />
	               </constraint-handlers>
	            </field>
	            <field id="title" label="My Title" set="details" />
	            <field id="username" set="user" />
	            <field id="quota" set="user" /> 
	            <field id="fieldWithMixedCtrlParams" >
	               <control template="test.ftl">
	                  <control-param name="one">un</control-param>
	                  <control-param name="two">deux</control-param>
	                  <!-- This third param intentionally has no value -->
	                  <control-param name="three"></control-param>
	                  <control-param name="four">quatre</control-param>
	               </control>
	            </field>
	         </appearance>
	      </form>
      </forms>
   </config>
   
</alfresco-config>