<alfresco-config>
   
   <plug-ins>
      <element-readers>
         <element-reader element-name="property-sheet" class="org.alfresco.web.config.PropertySheetElementReader"/>
         <element-reader element-name="client" class="org.alfresco.web.config.ClientElementReader"/>
         <element-reader element-name="navigation" class="org.alfresco.web.config.NavigationElementReader" />
         <element-reader element-name="languages" class="org.alfresco.web.config.LanguagesElementReader" />
         <element-reader element-name="advanced-search" class="org.alfresco.web.config.AdvancedSearchElementReader" />
         <element-reader element-name="views" class="org.alfresco.web.config.ViewsElementReader" />
      </element-readers>
   </plug-ins>

   <config>
      <property-sheet>
         <show-property name="name" />
      </property-sheet>
      <client>
         <!-- the error page the client will use -->
         <error-page>/jsp/error.jsp</error-page>
         
         <!-- the login page the client will use -->
         <login-page>/jsp/login.jsp</login-page>
         
         <!-- the maximum number of items to show in the recent spaces shelf component -->
         <recent-spaces-items>6</recent-spaces-items>
         
         <!-- Shelf component default visibility, set to false to hide the shelf by default -->
         <shelf-visible>true</shelf-visible>
         
         <!-- the minimum number of characters required for a valid search string -->
         <search-minimum>3</search-minimum>
         
         <!-- The default permissions to apply to a new users Home Space when first created -->
         <!-- this permission is for other users attempting to access that Home Space -->
         <!-- generally set to "Guest" or empty value to indicate a private hidden space. -->
         <!-- see org.alfresco.service.cmr.security.PermissionService for allowed values -->
         <home-space-permission>Guest</home-space-permission>
         
         <!-- the URL to the client Help file -->
         <help-url>http://www.alfresco.org/help/webclient</help-url>
         
         <!-- the type of edit link to use, NOTE: inline editable will always take precedence -->
         <!-- can be: http|webdav|cifs -->
         <edit-link-type>http</edit-link-type>
         
         <!-- the from address to use when sending emails from the client -->
         <from-email-address>alfresco@alfresco.org</from-email-address>
      </client>
   </config>
   
   <config evaluator="string-compare" condition="Languages">
      <languages>
         <language locale="en_US">English</language>
         <language locale="fr_FR">French</language>
         <language locale="de_DE">German</language>
      </languages>
   </config>
   
   <config evaluator="string-compare" condition="Advanced Search">
      <!-- advanced search custom attribute config -->
      <advanced-search>
         <!-- type constraint drop-down -->
         <content-types>
            <!-- cm:content type is implicit in this list -->
            <!-- types must extend cm:content for the Alfresco web-client -->
            <type name="cm:dictionaryModel" />
            <type name="fm:post" />
         </content-types>
         <!-- custom properties to be shown in the More Options panel -->
         <custom-properties>
            <meta-data type="cm:dictionaryModel" property="cm:modelAuthor" />
            <meta-data aspect="app:simpleworkflow" property="app:approveStep" />
         </custom-properties>
      </advanced-search>
   </config>
   
   <config evaluator="string-compare" condition="Views">
      <!-- the views available in the client -->
      <views>
         <view-impl>org.alfresco.web.ui.common.renderer.data.RichListRenderer$DetailsViewRenderer</view-impl>
         <view-impl>org.alfresco.web.ui.common.renderer.data.RichListRenderer$IconViewRenderer</view-impl>
      
         <!-- default values for the views available in the client -->
         <view-defaults>
            <browse>
               <!-- allowable values: list|details|icons -->
               <view>icons</view>
               <sort-descending>false</sort-descending>
               <page-size>
                  <list>10</list>
                  <details>10</details>
                  <icons>9</icons>
               </page-size>
            </browse>
            <forums>
               <!-- allowable values: list|details|icons -->
               <view>list</view>
               <page-size>
                  <list>20</list>
                  <details>20</details>
                  <icons>20</icons>
               </page-size>
            </forums>
            <forum>
               <!-- allowable values: details -->
               <view>details</view>
               <page-size>
                  <details>20</details>
               </page-size>
            </forum>
            <topic>
               <!-- allowable values: details|bubble -->
               <view>bubble</view>
               <sort-column>created</sort-column>
               <sort-descending>true</sort-descending>
               <page-size>
                  <bubble>5</bubble>
                  <details>20</details>
               </page-size>
            </topic>
         </view-defaults>
         
         <view-impl>org.alfresco.web.ui.common.renderer.data.RichListRenderer$ListViewRenderer</view-impl>
         
      </views>
   </config>
   
   <config evaluator="string-compare" condition="space-aspect">
      <property-sheet>
         <show-property name="createddate" readOnly="true" />
         <show-property name="modifieddate" readOnly="true" />
         <show-property name="description" displayLabel="Description" readOnly="false" />
         <show-property name="icon" />
      </property-sheet>
   </config>
   
   <config evaluator="object-type" condition="org.alfresco.web.ui.common.component.data.UIRichList">
      <renderers>
         <renderer mode="details">org.alfresco.web.ui.common.renderer.data.RichListRenderer.DetailsViewRenderer</renderer>
      </renderers>
   </config>
   
   <config evaluator="string-compare" condition="viewid-navigation-result">
      <navigation>
         <override from-view-id="/jsp/browse/browse.jsp" to-view-id="/jsp/forums/forums.jsp" />
         <override from-outcome="browse" to-view-id="/jsp/forums/topics.jsp" />
      </navigation>
   </config>
   
   <config evaluator="string-compare" condition="outcome-navigation-result">
      <navigation>
         <override from-view-id="/jsp/browse/browse.jsp" to-outcome="showSomethingElse" />
         <override from-outcome="browse" to-outcome="showSomethingElse"  />
      </navigation>
   </config>
   
   <config evaluator="string-compare" condition="duplicate-navigation-overrides">
      <navigation>
         <override from-view-id="/jsp/browse/browse.jsp" to-view-id="/jsp/forums/forums.jsp" />
         <override from-outcome="browse" to-outcome="showSomethingElse"  />
         <override from-outcome="browse" to-outcome="newOutcome"  />
      </navigation>
   </config>
   
   <config evaluator="string-compare" condition="Property Editing">
      <property-sheet>
         <show-property name="name" showInEditMode="false" />
         <show-property name="description" showInEditMode="true" />
         <show-property name="icon" readOnly="true" />
         <show-property name="size" readOnly="true" showInEditMode="false" />
      </property-sheet>
   </config>
   
</alfresco-config>